nohup: ignoring input
[dotenv@17.0.1] injecting env (2) from .env – [tip] encrypt with dotenvx: https://dotenvx.com
🚀 Servidor rodando na porta 5001
📱 Acesse: http://localhost:5001
Não encontrou 'export const data' em /home/ubuntu/ifpr-horarios/versioned_docs/version-2025.1.8/professor/alex_soares_de_brito.mdx
Não encontrou 'export const data' em /home/ubuntu/ifpr-horarios/versioned_docs/version-2025.1.8/professor/alexandre_jose_schumacher.mdx
Não encontrou 'export const data' em /home/ubuntu/ifpr-horarios/versioned_docs/version-2025.1.8/professor/alexandre_roberto_valcarenghi.mdx
Não encontrou 'export const data' em /home/ubuntu/ifpr-horarios/versioned_docs/version-2025.1.8/professor/alvaro_jose_de_almeida_araujo.mdx
Não encontrou 'export const data' em /home/ubuntu/ifpr-horarios/versioned_docs/version-2025.1.8/professor/andre_alexandre_valentini.mdx
Não encontrou 'export const data' em /home/ubuntu/ifpr-horarios/versioned_docs/version-2025.1.8/professor/antonio_cesar_godoy.mdx
Não encontrou 'export const data' em /home/ubuntu/ifpr-horarios/versioned_docs/version-2025.1.8/professor/beatriz_de_souza_goncalves_proenca.mdx
Não encontrou 'export const data' em /home/ubuntu/ifpr-horarios/versioned_docs/version-2025.1.8/professor/caroline_domingues_porto_do_nascimento_barbieri.mdx
Não encontrou 'export const data' em /home/ubuntu/ifpr-horarios/versioned_docs/version-2025.1.8/professor/celina_de_oliveira_barbosa_gomes.mdx
Não encontrou 'export const data' em /home/ubuntu/ifpr-horarios/versioned_docs/version-2025.1.8/professor/cosme_oliveira_da_silva.mdx
Não encontrou 'export const data' em /home/ubuntu/ifpr-horarios/versioned_docs/version-2025.1.8/professor/danilo_hungaro_micheletti.mdx
Não encontrou 'export const data' em /home/ubuntu/ifpr-horarios/versioned_docs/version-2025.1.8/professor/darlan_roque_dapieve.mdx
Não encontrou 'export const data' em /home/ubuntu/ifpr-horarios/versioned_docs/version-2025.1.8/professor/douglas_barbosa_sousa.mdx
Não encontrou 'export const data' em /home/ubuntu/ifpr-horarios/versioned_docs/version-2025.1.8/professor/elenice_josefa_kolancko_setti.mdx
Não encontrou 'export const data' em /home/ubuntu/ifpr-horarios/versioned_docs/version-2025.1.8/professor/eliana_pelicon_pereira_figueira.mdx
Não encontrou 'export const data' em /home/ubuntu/ifpr-horarios/versioned_docs/version-2025.1.8/professor/elias_franco.mdx
Não encontrou 'export const data' em /home/ubuntu/ifpr-horarios/versioned_docs/version-2025.1.8/professor/elizangela_mendes_pereira.mdx
Não encontrou 'export const data' em /home/ubuntu/ifpr-horarios/versioned_docs/version-2025.1.8/professor/everaldo_lorensetti.mdx
Não encontrou 'export const data' em /home/ubuntu/ifpr-horarios/versioned_docs/version-2025.1.8/professor/fabio_antonio_da_silva.mdx
Não encontrou 'export const data' em /home/ubuntu/ifpr-horarios/versioned_docs/version-2025.1.8/professor/fabio_fernandes_da_silva.mdx
Não encontrou 'export const data' em /home/ubuntu/ifpr-horarios/versioned_docs/version-2025.1.8/professor/felipe_fraga_de_oliveira.mdx
Não encontrou 'export const data' em /home/ubuntu/ifpr-horarios/versioned_docs/version-2025.1.8/professor/fernanda_da_silva_ferreira.mdx
Não encontrou 'export const data' em /home/ubuntu/ifpr-horarios/versioned_docs/version-2025.1.8/professor/gabriele_antico_freiria.mdx
Não encontrou 'export const data' em /home/ubuntu/ifpr-horarios/versioned_docs/version-2025.1.8/professor/haroldo_yutaka_misunaga.mdx
Não encontrou 'export const data' em /home/ubuntu/ifpr-horarios/versioned_docs/version-2025.1.8/professor/humberto_fioravante_ferro.mdx
Não encontrou 'export const data' em /home/ubuntu/ifpr-horarios/versioned_docs/version-2025.1.8/professor/jael_dos_santos.mdx
Não encontrou 'export const data' em /home/ubuntu/ifpr-horarios/versioned_docs/version-2025.1.8/professor/jair_fajardo_junior.mdx
Não encontrou 'export const data' em /home/ubuntu/ifpr-horarios/versioned_docs/version-2025.1.8/professor/jhones_donizetti_mendes.mdx
Não encontrou 'export const data' em /home/ubuntu/ifpr-horarios/versioned_docs/version-2025.1.8/professor/joaquim_jose_honorio_de_lima.mdx
Não encontrou 'export const data' em /home/ubuntu/ifpr-horarios/versioned_docs/version-2025.1.8/professor/jonathan_prass_souza.mdx
Não encontrou 'export const data' em /home/ubuntu/ifpr-horarios/versioned_docs/version-2025.1.8/professor/jose_jurandir_pereira_junior.mdx
Não encontrou 'export const data' em /home/ubuntu/ifpr-horarios/versioned_docs/version-2025.1.8/professor/jose_provetti_junior.mdx
Não encontrou 'export const data' em /home/ubuntu/ifpr-horarios/versioned_docs/version-2025.1.8/professor/josiane_hammes.mdx
Não encontrou 'export const data' em /home/ubuntu/ifpr-horarios/versioned_docs/version-2025.1.8/professor/josiane_paula_maltauro.mdx
Não encontrou 'export const data' em /home/ubuntu/ifpr-horarios/versioned_docs/version-2025.1.8/professor/juliano_da_rocha_queiroz.mdx
Não encontrou 'export const data' em /home/ubuntu/ifpr-horarios/versioned_docs/version-2025.1.8/professor/karianny_aparecida_gerotto_del_mouro.mdx
Não encontrou 'export const data' em /home/ubuntu/ifpr-horarios/versioned_docs/version-2025.1.8/professor/karina_dias_espartosa.mdx
Não encontrou 'export const data' em /home/ubuntu/ifpr-horarios/versioned_docs/version-2025.1.8/professor/katia_cristiane_kobus_novaes.mdx
Não encontrou 'export const data' em /home/ubuntu/ifpr-horarios/versioned_docs/version-2025.1.8/professor/keitilanger_grisa_hahn.mdx
Não encontrou 'export const data' em /home/ubuntu/ifpr-horarios/versioned_docs/version-2025.1.8/professor/keyla_christina_almeida_portela.mdx
Não encontrou 'export const data' em /home/ubuntu/ifpr-horarios/versioned_docs/version-2025.1.8/professor/kleber_augusto_michalichem.mdx
Não encontrou 'export const data' em /home/ubuntu/ifpr-horarios/versioned_docs/version-2025.1.8/professor/leandro_luiz_borges.mdx
Não encontrou 'export const data' em /home/ubuntu/ifpr-horarios/versioned_docs/version-2025.1.8/professor/lechan_colares_santos.mdx
Não encontrou 'export const data' em /home/ubuntu/ifpr-horarios/versioned_docs/version-2025.1.8/professor/leiliane_cristine_de_souza.mdx
Não encontrou 'export const data' em /home/ubuntu/ifpr-horarios/versioned_docs/version-2025.1.8/professor/luis_henrique_manosso_von_mecheln.mdx
Não encontrou 'export const data' em /home/ubuntu/ifpr-horarios/versioned_docs/version-2025.1.8/professor/luiz_inacio_chaves.mdx
Não encontrou 'export const data' em /home/ubuntu/ifpr-horarios/versioned_docs/version-2025.1.8/professor/marcia_aparecida_barbosa.mdx
Não encontrou 'export const data' em /home/ubuntu/ifpr-horarios/versioned_docs/version-2025.1.8/professor/marcos_rogerio_oliveira.mdx
Não encontrou 'export const data' em /home/ubuntu/ifpr-horarios/versioned_docs/version-2025.1.8/professor/mauro_cesar_de_souza_siena.mdx
Não encontrou 'export const data' em /home/ubuntu/ifpr-horarios/versioned_docs/version-2025.1.8/professor/michelli_cristina_galli.mdx
Não encontrou 'export const data' em /home/ubuntu/ifpr-horarios/versioned_docs/version-2025.1.8/professor/octavio_henrique_viana.mdx
Não encontrou 'export const data' em /home/ubuntu/ifpr-horarios/versioned_docs/version-2025.1.8/professor/pedro_leites_junior.mdx
Não encontrou 'export const data' em /home/ubuntu/ifpr-horarios/versioned_docs/version-2025.1.8/professor/rafael_luis_bartz.mdx
Não encontrou 'export const data' em /home/ubuntu/ifpr-horarios/versioned_docs/version-2025.1.8/professor/renato_lada_guerreiro.mdx
Não encontrou 'export const data' em /home/ubuntu/ifpr-horarios/versioned_docs/version-2025.1.8/professor/roberto_haruyoshi_ito.mdx
Não encontrou 'export const data' em /home/ubuntu/ifpr-horarios/versioned_docs/version-2025.1.8/professor/sabrina_kerkhoff.mdx
Não encontrou 'export const data' em /home/ubuntu/ifpr-horarios/versioned_docs/version-2025.1.8/professor/samuel_stephan_milczuk.mdx
Não encontrou 'export const data' em /home/ubuntu/ifpr-horarios/versioned_docs/version-2025.1.8/professor/sergio_ricardo_ferrazoli.mdx
Não encontrou 'export const data' em /home/ubuntu/ifpr-horarios/versioned_docs/version-2025.1.8/professor/sergio_takahashi.mdx
Não encontrou 'export const data' em /home/ubuntu/ifpr-horarios/versioned_docs/version-2025.1.8/professor/sonia_maria_mandotti.mdx
Não encontrou 'export const data' em /home/ubuntu/ifpr-horarios/versioned_docs/version-2025.1.8/professor/talita_bortolini.mdx
Não encontrou 'export const data' em /home/ubuntu/ifpr-horarios/versioned_docs/version-2025.1.8/professor/tiago_amaral_silva.mdx
Não encontrou 'export const data' em /home/ubuntu/ifpr-horarios/versioned_docs/version-2025.1.8/professor/vagner_simoes_santos.mdx
Não encontrou 'export const data' em /home/ubuntu/ifpr-horarios/versioned_docs/version-2025.1.8/professor/vinicius_de_souza_lamego.mdx
Não encontrou 'export const data' em /home/ubuntu/ifpr-horarios/versioned_docs/version-2025.1.8/professor/vitor_prestes_luzio.mdx
Não encontrou 'export const data' em /home/ubuntu/ifpr-horarios/versioned_docs/version-2025.1.8/professor/wylliam_salviano_gongora.mdx
Não encontrou 'export const data' em /home/ubuntu/ifpr-horarios/versioned_docs/version-2025.1.8/professor/yohana_diel_saheli.mdx
